2022-04-11 14:39:04,271 START_RECORD
2022-04-11 14:39:04,271 STARTED #140471248471808
2022-04-11 14:39:04,271 WORKING #140471248471808
2022-04-11 14:39:05,272 WORKING #140471248471808
2022-04-11 14:39:06,273 WORKING #140471248471808
2022-04-11 14:39:07,274 WORKING #140471248471808
2022-04-11 14:39:08,276 WORKING #140471248471808
2022-04-11 14:39:09,277 WORKING #140471248471808
2022-04-11 14:39:09,283 STOP_RECORD
2022-04-11 14:39:10,279 STOPPED #140471248471808
2022-04-11 14:41:40,918 START_RECORD
2022-04-11 14:41:40,918 STARTED #140471248471808
2022-04-11 14:41:40,918 WORKING #140471248471808
2022-04-11 14:41:41,919 WORKING #140471248471808
2022-04-11 14:41:42,919 WORKING #140471248471808
2022-04-11 14:41:43,920 WORKING #140471248471808
2022-04-11 14:41:44,922 WORKING #140471248471808
2022-04-11 14:41:45,924 WORKING #140471248471808
2022-04-11 14:41:46,925 WORKING #140471248471808
2022-04-11 14:41:47,927 WORKING #140471248471808
2022-04-11 14:41:48,928 WORKING #140471248471808
2022-04-11 14:41:49,929 WORKING #140471248471808
2022-04-11 14:41:50,930 WORKING #140471248471808
2022-04-11 14:41:51,931 WORKING #140471248471808
2022-04-11 14:41:52,932 WORKING #140471248471808
2022-04-11 14:41:53,933 WORKING #140471248471808
2022-04-11 14:41:54,935 WORKING #140471248471808
2022-04-11 14:41:55,936 WORKING #140471248471808
2022-04-11 14:41:56,937 WORKING #140471248471808
2022-04-11 14:41:57,938 WORKING #140471248471808
2022-04-11 14:41:58,939 WORKING #140471248471808
2022-04-11 14:41:59,940 WORKING #140471248471808
2022-04-11 14:42:00,941 WORKING #140471248471808
2022-04-11 14:42:00,957 STOP_RECORD
2022-04-11 14:42:01,943 STOPPED #140471248471808
2022-04-11 16:10:28,266 START_RECORD
2022-04-11 16:10:28,267 STARTED #139904635332352
2022-04-11 16:10:28,267 WORKING #139904635332352
2022-04-11 16:10:29,269 WORKING #139904635332352
2022-04-11 16:10:30,270 WORKING #139904635332352
2022-04-11 16:10:31,272 WORKING #139904635332352
2022-04-11 16:10:32,273 WORKING #139904635332352
2022-04-11 16:10:33,276 WORKING #139904635332352
2022-04-11 16:10:34,277 WORKING #139904635332352
2022-04-11 16:10:35,279 WORKING #139904635332352
2022-04-11 16:10:36,280 WORKING #139904635332352
2022-04-11 16:10:37,281 WORKING #139904635332352
2022-04-11 16:10:38,283 WORKING #139904635332352
2022-04-11 16:10:38,402 STOP_RECORD
2022-04-11 16:10:39,284 STOPPED #139904635332352
2022-05-20 09:52:44,068 START_RECORD
2022-05-20 09:52:44,069 STARTED #140383640467200
2022-05-20 09:52:44,069 WORKING #140383640467200
2022-05-20 09:52:45,071 WORKING #140383640467200
2022-05-20 09:52:46,072 WORKING #140383640467200
2022-05-20 09:52:47,074 WORKING #140383640467200
2022-05-20 09:52:48,074 WORKING #140383640467200
2022-05-20 09:52:49,077 WORKING #140383640467200
2022-05-20 09:52:50,079 WORKING #140383640467200
2022-05-20 09:52:51,080 WORKING #140383640467200
2022-05-20 09:52:52,082 WORKING #140383640467200
2022-05-20 09:52:53,083 WORKING #140383640467200
2022-05-20 09:52:54,084 WORKING #140383640467200
2022-05-20 09:52:55,086 WORKING #140383640467200
2022-05-20 09:52:56,087 WORKING #140383640467200
2022-05-20 09:52:57,088 WORKING #140383640467200
2022-05-20 09:52:58,089 WORKING #140383640467200
2022-05-20 09:52:59,090 WORKING #140383640467200
2022-05-20 09:52:59,114 STOP_RECORD
2022-05-20 09:53:00,092 STOPPED #140383640467200
